<?xml version="1.0" encoding="UTF-8"?>
<!-- Generated by org.testng.reporters.JUnitReportReporter -->
<testsuite hostname="Laptop-hp" failures="0" tests="2" name="UI_automation" time="9.365" errors="0" timestamp="2023-02-26T18:46:49 AST" skipped="0">
  <testcase classname="UI_automation" name="Check_The_Title" time="0.104"/>
  <system-out/>
  <testcase classname="UI_automation" name="Register_Candidate" time="9.261"/>
  <system-out/>
</testsuite> <!-- UI_automation -->
