<?xml version="1.0" encoding="UTF-8"?>
<!-- Generated by org.testng.reporters.JUnitReportReporter -->
<testsuite hostname="Laptop-hp" failures="0" tests="1" name="Veiw_QA_Automation_Job" time="15.551" errors="0" timestamp="2023-02-24T16:38:49 AST" skipped="0">
  <testcase classname="Veiw_QA_Automation_Job" name="Search_QA_Automation_job" time="15.551"/>
  <system-out/>
</testsuite> <!-- Veiw_QA_Automation_Job -->
