<?xml version="1.0" encoding="UTF-8"?>
<!-- Generated by org.testng.reporters.JUnitReportReporter -->
<testsuite hostname="Laptop-hp" failures="0" tests="1" name="invalidName" time="7.702" errors="0" timestamp="2023-02-26T20:32:10 AST" skipped="0">
  <testcase classname="invalidName" name="RegisterInvalidname" time="7.702"/>
  <system-out/>
</testsuite> <!-- invalidName -->
