<?xml version="1.0" encoding="UTF-8"?>
<!-- Generated by org.testng.reporters.JUnitReportReporter -->
<testsuite hostname="Laptop-hp" failures="0" tests="1" name="passwordNotMatching" time="4.758" errors="0" timestamp="2023-02-24T17:25:19 AST" skipped="0">
  <testcase classname="passwordNotMatching" name="password_Not_Matching" time="4.758"/>
  <system-out/>
</testsuite> <!-- passwordNotMatching -->
