<?xml version="1.0" encoding="UTF-8"?>
<!-- Generated by org.testng.reporters.JUnitReportReporter -->
<testsuite hostname="Laptop-hp" failures="0" tests="1" name="registerWithInvalidFirstName" time="4.884" errors="0" timestamp="2023-02-24T14:54:55 AST" skipped="0">
  <testcase classname="registerWithInvalidFirstName" name="RegisterInvalidname" time="4.884"/>
  <system-out/>
</testsuite> <!-- registerWithInvalidFirstName -->
