<?xml version="1.0" encoding="UTF-8"?>
<!-- Generated by org.testng.reporters.JUnitReportReporter -->
<testsuite hostname="Laptop-hp" failures="0" tests="1" name="Apply_for_job" time="11.669" errors="0" timestamp="2023-02-24T17:42:26 AST" skipped="0">
  <testcase classname="Apply_for_job" name="Apply_for_a_job" time="11.669"/>
  <system-out/>
</testsuite> <!-- Apply_for_job -->
