<?xml version="1.0" encoding="UTF-8"?>
<!-- Generated by org.testng.reporters.JUnitReportReporter -->
<testsuite hostname="Laptop-hp" failures="0" tests="1" name="register_with_invalid_email" time="9.833" errors="0" timestamp="2023-02-24T17:29:39 AST" skipped="0">
  <testcase classname="register_with_invalid_email" name="RegisterInvalidEmail" time="9.833"/>
  <system-out/>
</testsuite> <!-- register_with_invalid_email -->
