<?xml version="1.0" encoding="UTF-8"?>
<!-- Generated by org.testng.reporters.JUnitReportReporter -->
<testsuite hostname="Laptop-hp" failures="0" tests="1" name="register_invalid_phone" time="6.234" errors="0" timestamp="2023-02-24T17:56:11 AST" skipped="0">
  <testcase classname="register_invalid_phone" name="RegisterInvalidPhone" time="6.234"/>
  <system-out/>
</testsuite> <!-- register_invalid_phone -->
